2021-07-15 09:06:34.480 [main] ERROR c.alibaba.nacos.client.config.http.ServerHttpAgent - [NACOS SocketTimeoutException httpGet] currentServerAddr:http://localhost:8848， err : connect timed out
2021-07-15 09:06:36.493 [main] ERROR c.alibaba.nacos.client.config.http.ServerHttpAgent - [NACOS SocketTimeoutException httpGet] currentServerAddr:http://localhost:8848， err : connect timed out
2021-07-15 09:06:36.494 [main] ERROR c.alibaba.nacos.client.config.http.ServerHttpAgent - no available server
2021-07-15 09:06:36.510 [main] ERROR com.alibaba.nacos.client.config.impl.ClientWorker - [fixed-localhost_8848] [sub-server] get server config exception, dataId=archives-server, group=DEFAULT_GROUP, tenant=
java.net.ConnectException: no available server
	at com.alibaba.nacos.client.config.http.ServerHttpAgent.httpGet(ServerHttpAgent.java:123)
	at com.alibaba.nacos.client.config.http.MetricsHttpAgent.httpGet(MetricsHttpAgent.java:48)
	at com.alibaba.nacos.client.config.impl.ClientWorker.getServerConfig(ClientWorker.java:230)
	at com.alibaba.nacos.client.config.NacosConfigService.getConfigInner(NacosConfigService.java:143)
	at com.alibaba.nacos.client.config.NacosConfigService.getConfig(NacosConfigService.java:92)
	at com.alibaba.cloud.nacos.client.NacosPropertySourceBuilder.loadNacosData(NacosPropertySourceBuilder.java:85)
	at com.alibaba.cloud.nacos.client.NacosPropertySourceBuilder.build(NacosPropertySourceBuilder.java:74)
	at com.alibaba.cloud.nacos.client.NacosPropertySourceLocator.loadNacosPropertySource(NacosPropertySourceLocator.java:204)
	at com.alibaba.cloud.nacos.client.NacosPropertySourceLocator.loadNacosDataIfPresent(NacosPropertySourceLocator.java:191)
	at com.alibaba.cloud.nacos.client.NacosPropertySourceLocator.loadApplicationConfiguration(NacosPropertySourceLocator.java:142)
	at com.alibaba.cloud.nacos.client.NacosPropertySourceLocator.locate(NacosPropertySourceLocator.java:103)
	at org.springframework.cloud.bootstrap.config.PropertySourceLocator.locateCollection(PropertySourceLocator.java:52)
	at org.springframework.cloud.bootstrap.config.PropertySourceLocator.locateCollection(PropertySourceLocator.java:47)
	at org.springframework.cloud.bootstrap.config.PropertySourceBootstrapConfiguration.initialize(PropertySourceBootstrapConfiguration.java:97)
	at org.springframework.boot.SpringApplication.applyInitializers(SpringApplication.java:626)
	at org.springframework.boot.SpringApplication.prepareContext(SpringApplication.java:370)
	at org.springframework.boot.SpringApplication.run(SpringApplication.java:314)
	at org.springframework.boot.SpringApplication.run(SpringApplication.java:1237)
	at org.springframework.boot.SpringApplication.run(SpringApplication.java:1226)
	at com.nantian.ArchaivesManageApplication.main(ArchaivesManageApplication.java:26)
2021-07-15 09:06:38.537 [main] ERROR c.alibaba.nacos.client.config.http.ServerHttpAgent - [NACOS SocketTimeoutException httpGet] currentServerAddr:http://localhost:8848， err : connect timed out
2021-07-15 09:06:40.545 [main] ERROR c.alibaba.nacos.client.config.http.ServerHttpAgent - [NACOS SocketTimeoutException httpGet] currentServerAddr:http://localhost:8848， err : connect timed out
2021-07-15 09:06:40.545 [main] ERROR c.alibaba.nacos.client.config.http.ServerHttpAgent - no available server
2021-07-15 09:06:40.545 [main] ERROR com.alibaba.nacos.client.config.impl.ClientWorker - [fixed-localhost_8848] [sub-server] get server config exception, dataId=archives-server.properties, group=DEFAULT_GROUP, tenant=
java.net.ConnectException: no available server
	at com.alibaba.nacos.client.config.http.ServerHttpAgent.httpGet(ServerHttpAgent.java:123)
	at com.alibaba.nacos.client.config.http.MetricsHttpAgent.httpGet(MetricsHttpAgent.java:48)
	at com.alibaba.nacos.client.config.impl.ClientWorker.getServerConfig(ClientWorker.java:230)
	at com.alibaba.nacos.client.config.NacosConfigService.getConfigInner(NacosConfigService.java:143)
	at com.alibaba.nacos.client.config.NacosConfigService.getConfig(NacosConfigService.java:92)
	at com.alibaba.cloud.nacos.client.NacosPropertySourceBuilder.loadNacosData(NacosPropertySourceBuilder.java:85)
	at com.alibaba.cloud.nacos.client.NacosPropertySourceBuilder.build(NacosPropertySourceBuilder.java:74)
	at com.alibaba.cloud.nacos.client.NacosPropertySourceLocator.loadNacosPropertySource(NacosPropertySourceLocator.java:204)
	at com.alibaba.cloud.nacos.client.NacosPropertySourceLocator.loadNacosDataIfPresent(NacosPropertySourceLocator.java:191)
	at com.alibaba.cloud.nacos.client.NacosPropertySourceLocator.loadApplicationConfiguration(NacosPropertySourceLocator.java:145)
	at com.alibaba.cloud.nacos.client.NacosPropertySourceLocator.locate(NacosPropertySourceLocator.java:103)
	at org.springframework.cloud.bootstrap.config.PropertySourceLocator.locateCollection(PropertySourceLocator.java:52)
	at org.springframework.cloud.bootstrap.config.PropertySourceLocator.locateCollection(PropertySourceLocator.java:47)
	at org.springframework.cloud.bootstrap.config.PropertySourceBootstrapConfiguration.initialize(PropertySourceBootstrapConfiguration.java:97)
	at org.springframework.boot.SpringApplication.applyInitializers(SpringApplication.java:626)
	at org.springframework.boot.SpringApplication.prepareContext(SpringApplication.java:370)
	at org.springframework.boot.SpringApplication.run(SpringApplication.java:314)
	at org.springframework.boot.SpringApplication.run(SpringApplication.java:1237)
	at org.springframework.boot.SpringApplication.run(SpringApplication.java:1226)
	at com.nantian.ArchaivesManageApplication.main(ArchaivesManageApplication.java:26)
2021-07-15 13:18:29.204 [com.alibaba.nacos.client.Worker.longPolling.fixed-localhost_8848] ERROR c.alibaba.nacos.client.config.http.ServerHttpAgent - [NACOS SocketTimeoutException httpPost] currentServerAddr: http://localhost:8848， err : Read timed out
2021-07-15 13:18:29.204 [com.alibaba.nacos.client.Worker.longPolling.fixed-localhost_8848] ERROR c.alibaba.nacos.client.config.http.ServerHttpAgent - no available server, currentServerAddr : http://localhost:8848
2021-07-15 13:18:29.206 [com.alibaba.nacos.client.Worker.longPolling.fixed-localhost_8848] ERROR com.alibaba.nacos.client.config.impl.ClientWorker - [fixed-localhost_8848] [check-update] get changed dataId exception
java.net.ConnectException: no available server, currentServerAddr : http://localhost:8848
	at com.alibaba.nacos.client.config.http.ServerHttpAgent.httpPost(ServerHttpAgent.java:178)
	at com.alibaba.nacos.client.config.http.MetricsHttpAgent.httpPost(MetricsHttpAgent.java:64)
	at com.alibaba.nacos.client.config.impl.ClientWorker.checkUpdateConfigStr(ClientWorker.java:386)
	at com.alibaba.nacos.client.config.impl.ClientWorker.checkUpdateDataIds(ClientWorker.java:354)
	at com.alibaba.nacos.client.config.impl.ClientWorker$LongPollingRunnable.run(ClientWorker.java:521)
	at java.util.concurrent.Executors$RunnableAdapter.call(Executors.java:511)
	at java.util.concurrent.FutureTask.run$$$capture(FutureTask.java:266)
	at java.util.concurrent.FutureTask.run(FutureTask.java)
	at java.util.concurrent.ScheduledThreadPoolExecutor$ScheduledFutureTask.access$201(ScheduledThreadPoolExecutor.java:180)
	at java.util.concurrent.ScheduledThreadPoolExecutor$ScheduledFutureTask.run(ScheduledThreadPoolExecutor.java:293)
	at java.util.concurrent.ThreadPoolExecutor.runWorker(ThreadPoolExecutor.java:1149)
	at java.util.concurrent.ThreadPoolExecutor$Worker.run(ThreadPoolExecutor.java:624)
	at java.lang.Thread.run(Thread.java:748)
2021-07-15 13:18:29.206 [com.alibaba.nacos.client.Worker.longPolling.fixed-localhost_8848] ERROR com.alibaba.nacos.client.config.impl.ClientWorker - longPolling error : 
java.net.ConnectException: no available server, currentServerAddr : http://localhost:8848
	at com.alibaba.nacos.client.config.http.ServerHttpAgent.httpPost(ServerHttpAgent.java:178)
	at com.alibaba.nacos.client.config.http.MetricsHttpAgent.httpPost(MetricsHttpAgent.java:64)
	at com.alibaba.nacos.client.config.impl.ClientWorker.checkUpdateConfigStr(ClientWorker.java:386)
	at com.alibaba.nacos.client.config.impl.ClientWorker.checkUpdateDataIds(ClientWorker.java:354)
	at com.alibaba.nacos.client.config.impl.ClientWorker$LongPollingRunnable.run(ClientWorker.java:521)
	at java.util.concurrent.Executors$RunnableAdapter.call(Executors.java:511)
	at java.util.concurrent.FutureTask.run$$$capture(FutureTask.java:266)
	at java.util.concurrent.FutureTask.run(FutureTask.java)
	at java.util.concurrent.ScheduledThreadPoolExecutor$ScheduledFutureTask.access$201(ScheduledThreadPoolExecutor.java:180)
	at java.util.concurrent.ScheduledThreadPoolExecutor$ScheduledFutureTask.run(ScheduledThreadPoolExecutor.java:293)
	at java.util.concurrent.ThreadPoolExecutor.runWorker(ThreadPoolExecutor.java:1149)
	at java.util.concurrent.ThreadPoolExecutor$Worker.run(ThreadPoolExecutor.java:624)
	at java.lang.Thread.run(Thread.java:748)
2021-07-15 13:57:35.966 [com.alibaba.nacos.client.Worker.longPolling.fixed-localhost_8848] ERROR c.alibaba.nacos.client.config.http.ServerHttpAgent - [NACOS SocketTimeoutException httpPost] currentServerAddr: http://localhost:8848， err : Read timed out
2021-07-15 13:57:35.966 [com.alibaba.nacos.client.Worker.longPolling.fixed-localhost_8848] ERROR c.alibaba.nacos.client.config.http.ServerHttpAgent - no available server, currentServerAddr : http://localhost:8848
2021-07-15 13:57:35.966 [com.alibaba.nacos.client.Worker.longPolling.fixed-localhost_8848] ERROR com.alibaba.nacos.client.config.impl.ClientWorker - [fixed-localhost_8848] [check-update] get changed dataId exception
java.net.ConnectException: no available server, currentServerAddr : http://localhost:8848
	at com.alibaba.nacos.client.config.http.ServerHttpAgent.httpPost(ServerHttpAgent.java:178)
	at com.alibaba.nacos.client.config.http.MetricsHttpAgent.httpPost(MetricsHttpAgent.java:64)
	at com.alibaba.nacos.client.config.impl.ClientWorker.checkUpdateConfigStr(ClientWorker.java:386)
	at com.alibaba.nacos.client.config.impl.ClientWorker.checkUpdateDataIds(ClientWorker.java:354)
	at com.alibaba.nacos.client.config.impl.ClientWorker$LongPollingRunnable.run(ClientWorker.java:521)
	at java.util.concurrent.Executors$RunnableAdapter.call(Executors.java:511)
	at java.util.concurrent.FutureTask.run$$$capture(FutureTask.java:266)
	at java.util.concurrent.FutureTask.run(FutureTask.java)
	at java.util.concurrent.ScheduledThreadPoolExecutor$ScheduledFutureTask.access$201(ScheduledThreadPoolExecutor.java:180)
	at java.util.concurrent.ScheduledThreadPoolExecutor$ScheduledFutureTask.run(ScheduledThreadPoolExecutor.java:293)
	at java.util.concurrent.ThreadPoolExecutor.runWorker(ThreadPoolExecutor.java:1149)
	at java.util.concurrent.ThreadPoolExecutor$Worker.run(ThreadPoolExecutor.java:624)
	at java.lang.Thread.run(Thread.java:748)
2021-07-15 13:57:35.966 [com.alibaba.nacos.client.Worker.longPolling.fixed-localhost_8848] ERROR com.alibaba.nacos.client.config.impl.ClientWorker - longPolling error : 
java.net.ConnectException: no available server, currentServerAddr : http://localhost:8848
	at com.alibaba.nacos.client.config.http.ServerHttpAgent.httpPost(ServerHttpAgent.java:178)
	at com.alibaba.nacos.client.config.http.MetricsHttpAgent.httpPost(MetricsHttpAgent.java:64)
	at com.alibaba.nacos.client.config.impl.ClientWorker.checkUpdateConfigStr(ClientWorker.java:386)
	at com.alibaba.nacos.client.config.impl.ClientWorker.checkUpdateDataIds(ClientWorker.java:354)
	at com.alibaba.nacos.client.config.impl.ClientWorker$LongPollingRunnable.run(ClientWorker.java:521)
	at java.util.concurrent.Executors$RunnableAdapter.call(Executors.java:511)
	at java.util.concurrent.FutureTask.run$$$capture(FutureTask.java:266)
	at java.util.concurrent.FutureTask.run(FutureTask.java)
	at java.util.concurrent.ScheduledThreadPoolExecutor$ScheduledFutureTask.access$201(ScheduledThreadPoolExecutor.java:180)
	at java.util.concurrent.ScheduledThreadPoolExecutor$ScheduledFutureTask.run(ScheduledThreadPoolExecutor.java:293)
	at java.util.concurrent.ThreadPoolExecutor.runWorker(ThreadPoolExecutor.java:1149)
	at java.util.concurrent.ThreadPoolExecutor$Worker.run(ThreadPoolExecutor.java:624)
	at java.lang.Thread.run(Thread.java:748)
